<?xml version="1.0" encoding="UTF-8"?>
<!-- Generated by org.testng.reporters.JUnitReportReporter -->
<testsuite hostname="LTIN296522" failures="0" tests="2" name="TestCase.TestCase3_GoogleLogin" time="51.374" errors="0" timestamp="2024-03-04T17:35:26 IST" skipped="0">
  <testcase classname="TestCase.TestCase3_GoogleLogin" name="verifyLoginPage" time="17.255"/>
  <testcase classname="TestCase.TestCase3_GoogleLogin" name="verifyLoginPage" time="34.119"/>
</testsuite> <!-- TestCase.TestCase3_GoogleLogin -->
