<?xml version="1.0" encoding="UTF-8"?>
<!-- Generated by org.testng.reporters.JUnitReportReporter -->
<testsuite hostname="LTIN296522" failures="0" tests="2" name="TestCase.TestCase2_UsedCarsDetails" time="73.414" errors="0" timestamp="2024-03-04T17:35:26 IST" skipped="0">
  <testcase classname="TestCase.TestCase2_UsedCarsDetails" name="UsedCarDetails" time="48.102"/>
  <testcase classname="TestCase.TestCase2_UsedCarsDetails" name="UsedCarDetails" time="25.312"/>
</testsuite> <!-- TestCase.TestCase2_UsedCarsDetails -->
