<?xml version="1.0" encoding="UTF-8"?>
<!-- Generated by org.testng.reporters.JUnitReportReporter -->
<testsuite hostname="LTIN296522" failures="0" tests="4" name="TestCase.TestCase1_UpcomingBikeDetails" time="165.545" errors="0" timestamp="2024-03-04T17:35:26 IST" skipped="0">
  <testcase classname="TestCase.TestCase1_UpcomingBikeDetails" name="clickUpcomingBikes" time="16.444"/>
  <testcase classname="TestCase.TestCase1_UpcomingBikeDetails" name="clickUpcomingBikes" time="85.023"/>
  <testcase classname="TestCase.TestCase1_UpcomingBikeDetails" name="clickNewBikes" time="32.988"/>
  <testcase classname="TestCase.TestCase1_UpcomingBikeDetails" name="clickNewBikes" time="31.090"/>
</testsuite> <!-- TestCase.TestCase1_UpcomingBikeDetails -->
